objc[22100]: Class AXEmojiUtilities is implemented in both /Applications/Xcode.app/Contents/Developer/Platforms/iPhoneSimulator.platform/Developer/SDKs/iPhoneSimulator7.0.sdk/System/Library/PrivateFrameworks/AccessibilityUtilities.framework/AccessibilityUtilities and /Applications/Xcode.app/Contents/Developer/Platforms/iPhoneSimulator.platform/Developer/SDKs/iPhoneSimulator7.0.sdk/usr/lib/libAXSpeechManager.dylib. One of the two will be used. Which one is undefined.
2014-03-10 23:45:41.722 HelloWorld[22100:80b] Cannot find executable for CFBundle 0xa644b80 </Applications/Xcode.app/Contents/Developer/Platforms/iPhoneSimulator.platform/Developer/SDKs/iPhoneSimulator7.0.sdk/System/Library/AccessibilityBundles/GeoServices.axbundle> (not loaded)
2014-03-10 23:45:41.738 HelloWorld[22100:80b] Cannot find executable for CFBundle 0xa65fb90 </Applications/Xcode.app/Contents/Developer/Platforms/iPhoneSimulator.platform/Developer/SDKs/iPhoneSimulator7.0.sdk/System/Library/AccessibilityBundles/CertUIFramework.axbundle> (not loaded)
2014-03-10 23:45:41.797 HelloWorld[22100:80b] Multi-tasking -> Device: YES, App: YES
2014-03-10 23:45:41.829 HelloWorld[22100:80b] Unlimited access to network resources
2014-03-10 23:45:42.184 HelloWorld[22100:80b] Resetting plugins due to page load.
2014-03-10 23:45:42.646 HelloWorld[22100:80b] Finished load of: file:///Users/gblair/Library/Application%20Support/iPhone%20Simulator/7.0.3/Applications/2BDEAA69-B7C6-4D23-A9EB-DF5DFE0D7410/HelloWorld.app/www/index.html
objc[23110]: Class AXEmojiUtilities is implemented in both /Applications/Xcode.app/Contents/Developer/Platforms/iPhoneSimulator.platform/Developer/SDKs/iPhoneSimulator7.0.sdk/System/Library/PrivateFrameworks/AccessibilityUtilities.framework/AccessibilityUtilities and /Applications/Xcode.app/Contents/Developer/Platforms/iPhoneSimulator.platform/Developer/SDKs/iPhoneSimulator7.0.sdk/usr/lib/libAXSpeechManager.dylib. One of the two will be used. Which one is undefined.
2014-03-10 23:46:16.478 HelloWorld[23110:80b] Cannot find executable for CFBundle 0xa4841c0 </Applications/Xcode.app/Contents/Developer/Platforms/iPhoneSimulator.platform/Developer/SDKs/iPhoneSimulator7.0.sdk/System/Library/AccessibilityBundles/GeoServices.axbundle> (not loaded)
2014-03-10 23:46:16.500 HelloWorld[23110:80b] Cannot find executable for CFBundle 0xa4873b0 </Applications/Xcode.app/Contents/Developer/Platforms/iPhoneSimulator.platform/Developer/SDKs/iPhoneSimulator7.0.sdk/System/Library/AccessibilityBundles/CertUIFramework.axbundle> (not loaded)
2014-03-10 23:46:16.548 HelloWorld[23110:80b] Multi-tasking -> Device: YES, App: YES
2014-03-10 23:46:16.556 HelloWorld[23110:80b] Unlimited access to network resources
2014-03-10 23:46:16.763 HelloWorld[23110:80b] Resetting plugins due to page load.
2014-03-10 23:46:17.029 HelloWorld[23110:80b] Finished load of: file:///Users/gblair/Library/Application%20Support/iPhone%20Simulator/7.0.3/Applications/2BDEAA69-B7C6-4D23-A9EB-DF5DFE0D7410/HelloWorld.app/www/index.html
2014-03-10 23:46:46.986 HelloWorld[23110:80b] Received memory warning.
objc[71884]: Class AXEmojiUtilities is implemented in both /Applications/Xcode.app/Contents/Developer/Platforms/iPhoneSimulator.platform/Developer/SDKs/iPhoneSimulator7.1.sdk/System/Library/PrivateFrameworks/AccessibilityUtilities.framework/AccessibilityUtilities and /Applications/Xcode.app/Contents/Developer/Platforms/iPhoneSimulator.platform/Developer/SDKs/iPhoneSimulator7.1.sdk/usr/lib/libAXSpeechManager.dylib. One of the two will be used. Which one is undefined.
2014-03-13 16:30:27.829 HelloWorld[71884:70b] Cannot find executable for CFBundle 0xa3b7e90 </Applications/Xcode.app/Contents/Developer/Platforms/iPhoneSimulator.platform/Developer/SDKs/iPhoneSimulator7.1.sdk/System/Library/AccessibilityBundles/GeoServices.axbundle> (not loaded)
2014-03-13 16:30:27.842 HelloWorld[71884:70b] Cannot find executable for CFBundle 0xa295e60 </Applications/Xcode.app/Contents/Developer/Platforms/iPhoneSimulator.platform/Developer/SDKs/iPhoneSimulator7.1.sdk/System/Library/AccessibilityBundles/CertUIFramework.axbundle> (not loaded)
2014-03-13 16:30:27.891 HelloWorld[71884:70b] Multi-tasking -> Device: YES, App: YES
2014-03-13 16:30:27.921 HelloWorld[71884:70b] Unlimited access to network resources
2014-03-13 16:30:28.340 HelloWorld[71884:70b] Resetting plugins due to page load.
2014-03-13 16:30:28.674 HelloWorld[71884:70b] setting movie path: 
2014-03-13 16:30:28.822 HelloWorld[71884:70b] Finished load of: file:///Users/gblair/Library/Application%20Support/iPhone%20Simulator/7.1/Applications/4A0CD682-93A2-4EE4-B515-CE1ABED257A7/HelloWorld.app/www/index.html
Mar 13 16:30:46 Gavins-MacBook-Air.local HelloWorld[71884] <Error>: CGImageCreate: invalid image size: 0 x 0.
objc[72978]: Class AXEmojiUtilities is implemented in both /Applications/Xcode.app/Contents/Developer/Platforms/iPhoneSimulator.platform/Developer/SDKs/iPhoneSimulator7.1.sdk/System/Library/PrivateFrameworks/AccessibilityUtilities.framework/AccessibilityUtilities and /Applications/Xcode.app/Contents/Developer/Platforms/iPhoneSimulator.platform/Developer/SDKs/iPhoneSimulator7.1.sdk/usr/lib/libAXSpeechManager.dylib. One of the two will be used. Which one is undefined.
2014-03-13 16:33:34.260 HelloWorld[72978:70b] Cannot find executable for CFBundle 0xa33d400 </Applications/Xcode.app/Contents/Developer/Platforms/iPhoneSimulator.platform/Developer/SDKs/iPhoneSimulator7.1.sdk/System/Library/AccessibilityBundles/GeoServices.axbundle> (not loaded)
2014-03-13 16:33:34.290 HelloWorld[72978:70b] Cannot find executable for CFBundle 0xa33f450 </Applications/Xcode.app/Contents/Developer/Platforms/iPhoneSimulator.platform/Developer/SDKs/iPhoneSimulator7.1.sdk/System/Library/AccessibilityBundles/CertUIFramework.axbundle> (not loaded)
2014-03-13 16:33:34.396 HelloWorld[72978:70b] Multi-tasking -> Device: YES, App: YES
2014-03-13 16:33:34.402 HelloWorld[72978:70b] Unlimited access to network resources
2014-03-13 16:33:34.736 HelloWorld[72978:70b] Resetting plugins due to page load.
2014-03-13 16:33:35.141 HelloWorld[72978:70b] setting movie path: 
2014-03-13 16:33:35.267 HelloWorld[72978:70b] Finished load of: file:///Users/gblair/Library/Application%20Support/iPhone%20Simulator/7.1/Applications/4A0CD682-93A2-4EE4-B515-CE1ABED257A7/HelloWorld.app/www/index.html
2014-03-13 16:33:57.143 HelloWorld[72978:70b] Received memory warning.
objc[74103]: Class AXEmojiUtilities is implemented in both /Applications/Xcode.app/Contents/Developer/Platforms/iPhoneSimulator.platform/Developer/SDKs/iPhoneSimulator7.1.sdk/System/Library/PrivateFrameworks/AccessibilityUtilities.framework/AccessibilityUtilities and /Applications/Xcode.app/Contents/Developer/Platforms/iPhoneSimulator.platform/Developer/SDKs/iPhoneSimulator7.1.sdk/usr/lib/libAXSpeechManager.dylib. One of the two will be used. Which one is undefined.
2014-03-13 16:38:13.222 HelloWorld[74103:70b] Cannot find executable for CFBundle 0xa283440 </Applications/Xcode.app/Contents/Developer/Platforms/iPhoneSimulator.platform/Developer/SDKs/iPhoneSimulator7.1.sdk/System/Library/AccessibilityBundles/GeoServices.axbundle> (not loaded)
2014-03-13 16:38:13.230 HelloWorld[74103:70b] Cannot find executable for CFBundle 0xa593300 </Applications/Xcode.app/Contents/Developer/Platforms/iPhoneSimulator.platform/Developer/SDKs/iPhoneSimulator7.1.sdk/System/Library/AccessibilityBundles/CertUIFramework.axbundle> (not loaded)
2014-03-13 16:38:13.261 HelloWorld[74103:70b] Multi-tasking -> Device: YES, App: YES
2014-03-13 16:38:13.270 HelloWorld[74103:70b] Unlimited access to network resources
2014-03-13 16:38:13.428 HelloWorld[74103:70b] Resetting plugins due to page load.
2014-03-13 16:38:13.627 HelloWorld[74103:70b] setting movie path: 
2014-03-13 16:38:13.818 HelloWorld[74103:70b] Finished load of: file:///Users/gblair/Library/Application%20Support/iPhone%20Simulator/7.1/Applications/4A0CD682-93A2-4EE4-B515-CE1ABED257A7/HelloWorld.app/www/index.html
Mar 13 16:38:33 Gavins-MacBook-Air.local HelloWorld[74103] <Error>: CGImageCreate: invalid image size: 0 x 0.
objc[75233]: Class AXEmojiUtilities is implemented in both /Applications/Xcode.app/Contents/Developer/Platforms/iPhoneSimulator.platform/Developer/SDKs/iPhoneSimulator7.1.sdk/System/Library/PrivateFrameworks/AccessibilityUtilities.framework/AccessibilityUtilities and /Applications/Xcode.app/Contents/Developer/Platforms/iPhoneSimulator.platform/Developer/SDKs/iPhoneSimulator7.1.sdk/usr/lib/libAXSpeechManager.dylib. One of the two will be used. Which one is undefined.
2014-03-13 16:39:58.569 HelloWorld[75233:70b] Cannot find executable for CFBundle 0xa59e950 </Applications/Xcode.app/Contents/Developer/Platforms/iPhoneSimulator.platform/Developer/SDKs/iPhoneSimulator7.1.sdk/System/Library/AccessibilityBundles/GeoServices.axbundle> (not loaded)
2014-03-13 16:39:58.581 HelloWorld[75233:70b] Cannot find executable for CFBundle 0xa3b5e00 </Applications/Xcode.app/Contents/Developer/Platforms/iPhoneSimulator.platform/Developer/SDKs/iPhoneSimulator7.1.sdk/System/Library/AccessibilityBundles/CertUIFramework.axbundle> (not loaded)
2014-03-13 16:39:58.620 HelloWorld[75233:70b] Multi-tasking -> Device: YES, App: YES
2014-03-13 16:39:58.628 HelloWorld[75233:70b] Unlimited access to network resources
2014-03-13 16:39:58.785 HelloWorld[75233:70b] Resetting plugins due to page load.
2014-03-13 16:39:59.021 HelloWorld[75233:70b] setting movie path: 
2014-03-13 16:39:59.168 HelloWorld[75233:70b] Finished load of: file:///Users/gblair/Library/Application%20Support/iPhone%20Simulator/7.1/Applications/4A0CD682-93A2-4EE4-B515-CE1ABED257A7/HelloWorld.app/www/index.html
objc[76326]: Class AXEmojiUtilities is implemented in both /Applications/Xcode.app/Contents/Developer/Platforms/iPhoneSimulator.platform/Developer/SDKs/iPhoneSimulator7.1.sdk/System/Library/PrivateFrameworks/AccessibilityUtilities.framework/AccessibilityUtilities and /Applications/Xcode.app/Contents/Developer/Platforms/iPhoneSimulator.platform/Developer/SDKs/iPhoneSimulator7.1.sdk/usr/lib/libAXSpeechManager.dylib. One of the two will be used. Which one is undefined.
2014-03-13 16:41:37.498 HelloWorld[76326:70b] Cannot find executable for CFBundle 0xa250640 </Applications/Xcode.app/Contents/Developer/Platforms/iPhoneSimulator.platform/Developer/SDKs/iPhoneSimulator7.1.sdk/System/Library/AccessibilityBundles/CertUIFramework.axbundle> (not loaded)
2014-03-13 16:41:37.502 HelloWorld[76326:70b] Cannot find executable for CFBundle 0xa345820 </Applications/Xcode.app/Contents/Developer/Platforms/iPhoneSimulator.platform/Developer/SDKs/iPhoneSimulator7.1.sdk/System/Library/AccessibilityBundles/GeoServices.axbundle> (not loaded)
2014-03-13 16:41:37.528 HelloWorld[76326:70b] Multi-tasking -> Device: YES, App: YES
2014-03-13 16:41:37.537 HelloWorld[76326:70b] Unlimited access to network resources
2014-03-13 16:41:37.602 HelloWorld[76326:70b] Resetting plugins due to page load.
2014-03-13 16:41:37.776 HelloWorld[76326:70b] setting movie path: 
2014-03-13 16:41:37.885 HelloWorld[76326:70b] Finished load of: file:///Users/gblair/Library/Application%20Support/iPhone%20Simulator/7.1/Applications/4A0CD682-93A2-4EE4-B515-CE1ABED257A7/HelloWorld.app/www/index.html
Mar 13 16:41:53 Gavins-MacBook-Air.local HelloWorld[76326] <Error>: CGImageCreate: invalid image size: 0 x 0.
2014-03-13 16:42:06.395 HelloWorld[76326:70b] Received memory warning.
